{"D:\\cicd\\vite-project\\vite-project\\cicc\\src\\App.tsx": {"path":"D:\\cicd\\vite-project\\vite-project\\cicc\\src\\App.tsx","statementMap":{"0":{"start":{"line":2,"column":0},"end":{"line":2,"column":33}},"1":{"start":{"line":3,"column":0},"end":{"line":3,"column":30}},"2":{"start":{"line":4,"column":0},"end":{"line":4,"column":19}},"3":{"start":{"line":10,"column":23},"end":{"line":35,"column":1}},"4":{"start":{"line":11,"column":28},"end":{"line":11,"column":39}},"5":{"start":{"line":13,"column":2},"end":{"line":34,"column":4}},"6":{"start":{"line":26,"column":27},"end":{"line":26,"column":49}},"7":{"start":{"line":26,"column":43},"end":{"line":26,"column":48}},"8":{"start":{"line":37,"column":0},"end":{"line":37,"column":19}}},"fnMap":{"0":{"name":"(anonymous_0)","decl":{"start":{"line":10,"column":23},"end":{"line":10,"column":24}},"loc":{"start":{"line":10,"column":37},"end":{"line":35,"column":1}}},"1":{"name":"(anonymous_1)","decl":{"start":{"line":26,"column":21},"end":{"line":26,"column":24}},"loc":{"start":{"line":26,"column":27},"end":{"line":26,"column":49}}},"2":{"name":"(anonymous_2)","decl":{"start":{"line":26,"column":36},"end":{"line":26,"column":37}},"loc":{"start":{"line":26,"column":43},"end":{"line":26,"column":48}}}},"branchMap":{},"s":{"0":1,"1":1,"2":1,"3":1,"4":3,"5":3,"6":1,"7":1,"8":1},"f":{"0":3,"1":1,"2":1},"b":{}}
}
