{"D:\\cicd\\vite-project\\vite-project\\cicc\\src\\App.tsx": {"path":"D:\\cicd\\vite-project\\vite-project\\cicc\\src\\App.tsx","statementMap":{"0":{"start":{"line":2,"column":0},"end":{"line":2,"column":32}},"1":{"start":{"line":3,"column":0},"end":{"line":3,"column":42}},"2":{"start":{"line":4,"column":0},"end":{"line":4,"column":32}},"3":{"start":{"line":5,"column":0},"end":{"line":5,"column":18}},"4":{"start":{"line":11,"column":23},"end":{"line":39,"column":1}},"5":{"start":{"line":12,"column":28},"end":{"line":12,"column":39}},"6":{"start":{"line":14,"column":2},"end":{"line":38,"column":null}},"7":{"start":{"line":29,"column":29},"end":{"line":29,"column":51}},"8":{"start":{"line":29,"column":45},"end":{"line":29,"column":50}},"9":{"start":{"line":41,"column":0},"end":{"line":41,"column":null}}},"fnMap":{"0":{"name":"(anonymous_0)","decl":{"start":{"line":11,"column":23},"end":{"line":11,"column":24}},"loc":{"start":{"line":11,"column":37},"end":{"line":39,"column":1}}},"1":{"name":"(anonymous_1)","decl":{"start":{"line":29,"column":23},"end":{"line":29,"column":26}},"loc":{"start":{"line":29,"column":29},"end":{"line":29,"column":51}}},"2":{"name":"(anonymous_2)","decl":{"start":{"line":29,"column":38},"end":{"line":29,"column":39}},"loc":{"start":{"line":29,"column":45},"end":{"line":29,"column":50}}}},"branchMap":{},"s":{"0":1,"1":1,"2":1,"3":1,"4":1,"5":3,"6":3,"7":1,"8":1,"9":1},"f":{"0":3,"1":1,"2":1},"b":{}}
}
