TN:
SF:src\App.tsx
FN:11,(anonymous_0)
FN:19,(anonymous_1)
FN:27,(anonymous_2)
FN:39,(anonymous_3)
FN:44,(anonymous_4)
FN:51,(anonymous_5)
FN:54,(anonymous_6)
FN:63,incrementCount
FN:66,(anonymous_8)
FN:67,(anonymous_9)
FN:71,(anonymous_10)
FN:79,(anonymous_11)
FN:102,(anonymous_12)
FN:102,(anonymous_13)
FNF:14
FNH:6
FNDA:16,(anonymous_0)
FNDA:7,(anonymous_1)
FNDA:7,(anonymous_2)
FNDA:0,(anonymous_3)
FNDA:0,(anonymous_4)
FNDA:0,(anonymous_5)
FNDA:7,(anonymous_6)
FNDA:0,incrementCount
FNDA:0,(anonymous_8)
FNDA:0,(anonymous_9)
FNDA:0,(anonymous_10)
FNDA:0,(anonymous_11)
FNDA:2,(anonymous_12)
FNDA:2,(anonymous_13)
DA:1,1
DA:3,1
DA:4,1
DA:5,1
DA:11,1
DA:12,16
DA:13,16
DA:14,16
DA:15,16
DA:17,16
DA:19,16
DA:20,7
DA:21,7
DA:23,7
DA:24,7
DA:27,7
DA:28,7
DA:31,7
DA:35,7
DA:39,7
DA:40,0
DA:44,7
DA:45,0
DA:47,0
DA:50,0
DA:51,0
DA:54,7
DA:56,7
DA:57,0
DA:65,0
DA:66,0
DA:68,0
DA:69,0
DA:72,0
DA:75,16
DA:80,0
DA:102,2
DA:114,1
LF:38
LH:26
BRDA:20,0,0,7
BRDA:47,1,0,0
BRDA:47,1,1,0
BRDA:56,2,0,0
BRDA:56,3,0,7
BRDA:56,3,1,0
BRF:6
BRH:2
end_of_record
